<?xml version="1.0" encoding="UTF-8"?>
<!-- Generated by org.testng.reporters.JUnitXMLReporter -->
<testsuite ignored="0" hostname="DESKTOP-HVKO33J" failures="0" tests="4" name="Default test" time="0.29" errors="0" timestamp="2023-10-21T07:10:37 IST">
  <testcase classname="testNgsauceDemo.VerifyCheckoutPage" name="@BeforeTest lanchBrowser" time="-1.697852437002E9">
    <failure type="org.testng.TestNGException" message="
Parameter &amp;apos;browser&amp;apos; is required by BeforeTest on method lanchBrowser but has not been marked @Optional or defined
in C:\Users\lenovo\AppData\Local\Temp\testng-eclipse--131480345\testng-customsuite.xml">
      <![CDATA[org.testng.TestNGException: 
Parameter 'browser' is required by BeforeTest on method lanchBrowser but has not been marked @Optional or defined
in C:\Users\lenovo\AppData\Local\Temp\testng-eclipse--131480345\testng-customsuite.xml
at org.testng.internal.Parameters.createParams(Parameters.java:267)
at org.testng.internal.Parameters.createParametersForMethod(Parameters.java:355)
at org.testng.internal.Parameters.createParameters(Parameters.java:684)
at org.testng.internal.Parameters.createConfigurationParameters(Parameters.java:166)
at org.testng.internal.invokers.ConfigInvoker.invokeConfigurations(ConfigInvoker.java:306)
at org.testng.TestRunner.invokeTestConfigurations(TestRunner.java:663)
at org.testng.TestRunner.beforeRun(TestRunner.java:652)
at org.testng.TestRunner.run(TestRunner.java:614)
at org.testng.SuiteRunner.runTest(SuiteRunner.java:443)
at org.testng.SuiteRunner.runSequentially(SuiteRunner.java:437)
at org.testng.SuiteRunner.privateRun(SuiteRunner.java:397)
at org.testng.SuiteRunner.run(SuiteRunner.java:336)
at org.testng.SuiteRunnerWorker.runSuite(SuiteRunnerWorker.java:52)
at org.testng.SuiteRunnerWorker.run(SuiteRunnerWorker.java:95)
at org.testng.TestNG.runSuitesSequentially(TestNG.java:1280)
at org.testng.TestNG.runSuitesLocally(TestNG.java:1200)
at org.testng.TestNG.runSuites(TestNG.java:1114)
at org.testng.TestNG.run(TestNG.java:1082)
at org.testng.remote.AbstractRemoteTestNG.run(AbstractRemoteTestNG.java:115)
at org.testng.remote.RemoteTestNG.initAndRun(RemoteTestNG.java:251)
at org.testng.remote.RemoteTestNG.main(RemoteTestNG.java:77)
]]>
    </failure>
  </testcase> <!-- @BeforeTest lanchBrowser -->
  <testcase classname="testNgsauceDemo.VerifyCheckoutPage" name="@BeforeClass creatingPOMObject" time="0.0">
    <skipped/>
  </testcase> <!-- @BeforeClass creatingPOMObject -->
  <testcase classname="testNgsauceDemo.VerifyCheckoutPage" name="@BeforeMethod openLoginPage" time="0.0">
    <skipped/>
  </testcase> <!-- @BeforeMethod openLoginPage -->
  <testcase classname="testNgsauceDemo.VerifyCheckoutPage" name="@AfterMethod captureScreen" time="0.0">
    <skipped/>
  </testcase> <!-- @AfterMethod captureScreen -->
  <testcase classname="testNgsauceDemo.VerifyCheckoutPage" name="@BeforeMethod openLoginPage" time="0.0">
    <skipped/>
  </testcase> <!-- @BeforeMethod openLoginPage -->
  <testcase classname="testNgsauceDemo.VerifyCheckoutPage" name="@AfterMethod captureScreen" time="0.0">
    <skipped/>
  </testcase> <!-- @AfterMethod captureScreen -->
  <testcase classname="testNgsauceDemo.VerifyCheckoutPage" name="@BeforeMethod openLoginPage" time="0.0">
    <skipped/>
  </testcase> <!-- @BeforeMethod openLoginPage -->
  <testcase classname="testNgsauceDemo.VerifyCheckoutPage" name="@AfterMethod captureScreen" time="0.0">
    <skipped/>
  </testcase> <!-- @AfterMethod captureScreen -->
  <testcase classname="testNgsauceDemo.VerifyCheckoutPage" name="@BeforeMethod openLoginPage" time="0.0">
    <skipped/>
  </testcase> <!-- @BeforeMethod openLoginPage -->
  <testcase classname="testNgsauceDemo.VerifyCheckoutPage" name="@AfterMethod captureScreen" time="0.0">
    <skipped/>
  </testcase> <!-- @AfterMethod captureScreen -->
  <testcase classname="testNgsauceDemo.VerifyCheckoutPage" name="@AfterClass afterclass" time="0.0">
    <skipped/>
  </testcase> <!-- @AfterClass afterclass -->
  <testcase classname="testNgsauceDemo.VerifyCheckoutPage" name="@AfterTest afterTest" time="0.0">
    <skipped/>
  </testcase> <!-- @AfterTest afterTest -->
  <testcase classname="testNgsauceDemo.VerifyCheckoutPage" name="VerifyMenuTab" time="0.002">
    <skipped/>
  </testcase> <!-- VerifyMenuTab -->
  <testcase classname="testNgsauceDemo.VerifyCheckoutPage" name="test3" time="0.0">
    <skipped/>
  </testcase> <!-- test3 -->
  <testcase classname="testNgsauceDemo.VerifyCheckoutPage" name="test4" time="0.0">
    <skipped/>
  </testcase> <!-- test4 -->
  <testcase classname="testNgsauceDemo.VerifyCheckoutPage" name="verifyCartcontainer" time="0.0">
    <skipped/>
  </testcase> <!-- verifyCartcontainer -->
</testsuite> <!-- Default test -->
